2015-08-31 01:13:51 Error: [MissingPluginException] Plugin DebugKit could not be found.
Exception Attributes: array (
  'plugin' => 'DebugKit',
)
Request URL: /html/sapc-site/
Stack Trace:
#0 /var/www/html/sapc-site/lib/Cake/Core/App.php(227): CakePlugin::path('DebugKit')
#1 /var/www/html/sapc-site/lib/Cake/Core/App.php(549): App::path('Controller/Comp...', 'DebugKit')
#2 [internal function]: App::load('ToolbarComponen...')
#3 [internal function]: spl_autoload_call('ToolbarComponen...')
#4 /var/www/html/sapc-site/lib/Cake/Controller/ComponentCollection.php(110): class_exists('ToolbarComponen...')
#5 /var/www/html/sapc-site/lib/Cake/Controller/ComponentCollection.php(53): ComponentCollection->load('DebugKit.Toolba...', Array)
#6 /var/www/html/sapc-site/lib/Cake/Controller/Controller.php(643): ComponentCollection->init(Object(PagesController))
#7 /var/www/html/sapc-site/lib/Cake/Routing/Dispatcher.php(188): Controller->constructClasses()
#8 /var/www/html/sapc-site/lib/Cake/Routing/Dispatcher.php(167): Dispatcher->_invoke(Object(PagesController), Object(CakeRequest))
#9 /var/www/html/sapc-site/app/webroot/index.php(118): Dispatcher->dispatch(Object(CakeRequest), Object(CakeResponse))
#10 {main}
2015-08-31 01:20:49 Error: [MissingPluginException] Plugin DebugKit could not be found.
Exception Attributes: array (
  'plugin' => 'DebugKit',
)
Request URL: /html/sapc-site/
Stack Trace:
#0 /var/www/html/sapc-site/lib/Cake/Core/App.php(227): CakePlugin::path('DebugKit')
#1 /var/www/html/sapc-site/lib/Cake/Core/App.php(549): App::path('Controller/Comp...', 'DebugKit')
#2 [internal function]: App::load('ToolbarComponen...')
#3 [internal function]: spl_autoload_call('ToolbarComponen...')
#4 /var/www/html/sapc-site/lib/Cake/Controller/ComponentCollection.php(110): class_exists('ToolbarComponen...')
#5 /var/www/html/sapc-site/lib/Cake/Controller/ComponentCollection.php(53): ComponentCollection->load('DebugKit.Toolba...', Array)
#6 /var/www/html/sapc-site/lib/Cake/Controller/Controller.php(643): ComponentCollection->init(Object(PagesController))
#7 /var/www/html/sapc-site/lib/Cake/Routing/Dispatcher.php(188): Controller->constructClasses()
#8 /var/www/html/sapc-site/lib/Cake/Routing/Dispatcher.php(167): Dispatcher->_invoke(Object(PagesController), Object(CakeRequest))
#9 /var/www/html/sapc-site/app/webroot/index.php(118): Dispatcher->dispatch(Object(CakeRequest), Object(CakeResponse))
#10 {main}
2015-08-31 01:21:28 Error: [MissingPluginException] Plugin DebugKit could not be found.
Exception Attributes: array (
  'plugin' => 'DebugKit',
)
Request URL: /html/sapc-site/
Stack Trace:
#0 /var/www/html/sapc-site/lib/Cake/Core/App.php(227): CakePlugin::path('DebugKit')
#1 /var/www/html/sapc-site/lib/Cake/Core/App.php(549): App::path('Controller/Comp...', 'DebugKit')
#2 [internal function]: App::load('ToolbarComponen...')
#3 [internal function]: spl_autoload_call('ToolbarComponen...')
#4 /var/www/html/sapc-site/lib/Cake/Controller/ComponentCollection.php(110): class_exists('ToolbarComponen...')
#5 /var/www/html/sapc-site/lib/Cake/Controller/ComponentCollection.php(53): ComponentCollection->load('DebugKit.Toolba...', Array)
#6 /var/www/html/sapc-site/lib/Cake/Controller/Controller.php(643): ComponentCollection->init(Object(PagesController))
#7 /var/www/html/sapc-site/lib/Cake/Routing/Dispatcher.php(188): Controller->constructClasses()
#8 /var/www/html/sapc-site/lib/Cake/Routing/Dispatcher.php(167): Dispatcher->_invoke(Object(PagesController), Object(CakeRequest))
#9 /var/www/html/sapc-site/app/webroot/index.php(118): Dispatcher->dispatch(Object(CakeRequest), Object(CakeResponse))
#10 {main}
2015-08-31 01:49:09 Error: [MissingComponentException] Component class ToolbarComponent could not be found.
Exception Attributes: array (
  'class' => 'ToolbarComponent',
  'plugin' => 'DebugKit',
)
Request URL: /html/sapc-site/
Stack Trace:
#0 /var/www/html/sapc-site/lib/Cake/Controller/ComponentCollection.php(53): ComponentCollection->load('DebugKit.Toolba...', Array)
#1 /var/www/html/sapc-site/lib/Cake/Controller/Controller.php(643): ComponentCollection->init(Object(PagesController))
#2 /var/www/html/sapc-site/lib/Cake/Routing/Dispatcher.php(188): Controller->constructClasses()
#3 /var/www/html/sapc-site/lib/Cake/Routing/Dispatcher.php(167): Dispatcher->_invoke(Object(PagesController), Object(CakeRequest))
#4 /var/www/html/sapc-site/app/webroot/index.php(118): Dispatcher->dispatch(Object(CakeRequest), Object(CakeResponse))
#5 {main}
2015-08-31 01:58:31 Error: Fatal Error (64): Cannot redeclare class AppController in [/var/www/html/sapc-site/app/Controller/AppController.php, line 38]
2015-08-31 01:58:31 Error: [FatalErrorException] Cannot redeclare class AppController
Request URL: /html/sapc-site/
Stack Trace:
#0 /var/www/html/sapc-site/lib/Cake/Error/ErrorHandler.php(213): ErrorHandler::handleFatalError(64, 'Cannot redeclar...', '/var/www/html/s...', 38)
#1 [internal function]: ErrorHandler::handleError(64, 'Cannot redeclar...', '/var/www/html/s...', 38, Array)
#2 /var/www/html/sapc-site/lib/Cake/Core/App.php(933): call_user_func('ErrorHandler::h...', 64, 'Cannot redeclar...', '/var/www/html/s...', 38, Array)
#3 /var/www/html/sapc-site/lib/Cake/Core/App.php(906): App::_checkFatalError()
#4 [internal function]: App::shutdown()
#5 {main}
2015-08-31 01:59:09 Error: Fatal Error (64): Cannot redeclare class AppController in [/var/www/html/sapc-site/app/Controller/AppController.php, line 37]
2015-08-31 01:59:09 Error: [FatalErrorException] Cannot redeclare class AppController
Request URL: /html/sapc-site/
Stack Trace:
#0 /var/www/html/sapc-site/lib/Cake/Error/ErrorHandler.php(213): ErrorHandler::handleFatalError(64, 'Cannot redeclar...', '/var/www/html/s...', 37)
#1 [internal function]: ErrorHandler::handleError(64, 'Cannot redeclar...', '/var/www/html/s...', 37, Array)
#2 /var/www/html/sapc-site/lib/Cake/Core/App.php(933): call_user_func('ErrorHandler::h...', 64, 'Cannot redeclar...', '/var/www/html/s...', 37, Array)
#3 /var/www/html/sapc-site/lib/Cake/Core/App.php(906): App::_checkFatalError()
#4 [internal function]: App::shutdown()
#5 {main}
2015-08-31 02:00:49 Error: [MissingComponentException] Component class ToolbarComponent could not be found.
Exception Attributes: array (
  'class' => 'ToolbarComponent',
  'plugin' => 'DebugKit',
)
Request URL: /html/sapc-site/
Stack Trace:
#0 /var/www/html/sapc-site/lib/Cake/Controller/ComponentCollection.php(53): ComponentCollection->load('DebugKit.Toolba...', Array)
#1 /var/www/html/sapc-site/lib/Cake/Controller/Controller.php(643): ComponentCollection->init(Object(PagesController))
#2 /var/www/html/sapc-site/lib/Cake/Routing/Dispatcher.php(188): Controller->constructClasses()
#3 /var/www/html/sapc-site/lib/Cake/Routing/Dispatcher.php(167): Dispatcher->_invoke(Object(PagesController), Object(CakeRequest))
#4 /var/www/html/sapc-site/app/webroot/index.php(118): Dispatcher->dispatch(Object(CakeRequest), Object(CakeResponse))
#5 {main}
2015-08-31 02:01:04 Error: Fatal Error (1): Class 'Component' not found in [/var/www/html/sapc-site/app/Controller/AppController.php, line 37]
2015-08-31 02:01:04 Error: [FatalErrorException] Class 'Component' not found
Request URL: /html/sapc-site/
Stack Trace:
#0 /var/www/html/sapc-site/lib/Cake/Error/ErrorHandler.php(213): ErrorHandler::handleFatalError(1, 'Class 'Componen...', '/var/www/html/s...', 37)
#1 [internal function]: ErrorHandler::handleError(1, 'Class 'Componen...', '/var/www/html/s...', 37, Array)
#2 /var/www/html/sapc-site/lib/Cake/Core/App.php(933): call_user_func('ErrorHandler::h...', 1, 'Class 'Componen...', '/var/www/html/s...', 37, Array)
#3 /var/www/html/sapc-site/lib/Cake/Core/App.php(906): App::_checkFatalError()
#4 [internal function]: App::shutdown()
#5 {main}
2015-08-31 02:01:35 Error: Fatal Error (1): Class 'Component' not found in [/var/www/html/sapc-site/app/Controller/AppController.php, line 37]
2015-08-31 02:01:35 Error: [FatalErrorException] Class 'Component' not found
Request URL: /html/sapc-site/
Stack Trace:
#0 /var/www/html/sapc-site/lib/Cake/Error/ErrorHandler.php(213): ErrorHandler::handleFatalError(1, 'Class 'Componen...', '/var/www/html/s...', 37)
#1 [internal function]: ErrorHandler::handleError(1, 'Class 'Componen...', '/var/www/html/s...', 37, Array)
#2 /var/www/html/sapc-site/lib/Cake/Core/App.php(933): call_user_func('ErrorHandler::h...', 1, 'Class 'Componen...', '/var/www/html/s...', 37, Array)
#3 /var/www/html/sapc-site/lib/Cake/Core/App.php(906): App::_checkFatalError()
#4 [internal function]: App::shutdown()
#5 {main}
2015-08-31 03:18:33 Error: [MissingControllerException] Controller class CssController could not be found.
Exception Attributes: array (
  'class' => 'CssController',
  'plugin' => NULL,
)
Request URL: /html/sapc-site/css/style.css
Stack Trace:
#0 /var/www/html/sapc-site/app/webroot/index.php(118): Dispatcher->dispatch(Object(CakeRequest), Object(CakeResponse))
#1 {main}
2015-08-31 03:18:33 Error: [MissingControllerException] Controller class CssController could not be found.
Exception Attributes: array (
  'class' => 'CssController',
  'plugin' => NULL,
)
Request URL: /html/sapc-site/css/bootstrap.min.css
Stack Trace:
#0 /var/www/html/sapc-site/app/webroot/index.php(118): Dispatcher->dispatch(Object(CakeRequest), Object(CakeResponse))
#1 {main}
2015-08-31 03:18:33 Error: [MissingControllerException] Controller class JsController could not be found.
Exception Attributes: array (
  'class' => 'JsController',
  'plugin' => NULL,
)
Request URL: /html/sapc-site/js/script.js
Stack Trace:
#0 /var/www/html/sapc-site/app/webroot/index.php(118): Dispatcher->dispatch(Object(CakeRequest), Object(CakeResponse))
#1 {main}
2015-08-31 03:18:33 Error: [MissingControllerException] Controller class JsController could not be found.
Exception Attributes: array (
  'class' => 'JsController',
  'plugin' => NULL,
)
Request URL: /html/sapc-site/js/jquery-2.1.3.js
Stack Trace:
#0 /var/www/html/sapc-site/app/webroot/index.php(118): Dispatcher->dispatch(Object(CakeRequest), Object(CakeResponse))
#1 {main}
2015-08-31 03:18:33 Error: [MissingControllerException] Controller class JsController could not be found.
Exception Attributes: array (
  'class' => 'JsController',
  'plugin' => NULL,
)
Request URL: /html/sapc-site/js/bootstrap.min.js
Stack Trace:
#0 /var/www/html/sapc-site/app/webroot/index.php(118): Dispatcher->dispatch(Object(CakeRequest), Object(CakeResponse))
#1 {main}
2015-08-31 03:20:48 Error: [MissingControllerException] Controller class CssController could not be found.
Exception Attributes: array (
  'class' => 'CssController',
  'plugin' => NULL,
)
Request URL: /html/sapc-site/css/style.css
Stack Trace:
#0 /var/www/html/sapc-site/app/webroot/index.php(108): Dispatcher->dispatch(Object(CakeRequest), Object(CakeResponse))
#1 {main}
2015-08-31 03:20:48 Error: [MissingControllerException] Controller class JsController could not be found.
Exception Attributes: array (
  'class' => 'JsController',
  'plugin' => NULL,
)
Request URL: /html/sapc-site/js/script.js
Stack Trace:
#0 /var/www/html/sapc-site/app/webroot/index.php(108): Dispatcher->dispatch(Object(CakeRequest), Object(CakeResponse))
#1 {main}
2015-08-31 03:21:07 Error: [MissingControllerException] Controller class CssController could not be found.
Exception Attributes: array (
  'class' => 'CssController',
  'plugin' => NULL,
)
Request URL: /html/sapc-site/css/style.css
Stack Trace:
#0 /var/www/html/sapc-site/app/webroot/index.php(108): Dispatcher->dispatch(Object(CakeRequest), Object(CakeResponse))
#1 {main}
2015-08-31 03:21:07 Error: [MissingControllerException] Controller class JsController could not be found.
Exception Attributes: array (
  'class' => 'JsController',
  'plugin' => NULL,
)
Request URL: /html/sapc-site/js/script.js
Stack Trace:
#0 /var/www/html/sapc-site/app/webroot/index.php(108): Dispatcher->dispatch(Object(CakeRequest), Object(CakeResponse))
#1 {main}
2015-08-31 03:21:30 Error: [MissingControllerException] Controller class CssController could not be found.
Exception Attributes: array (
  'class' => 'CssController',
  'plugin' => NULL,
)
Request URL: /html/sapc-site/css/style.css
Stack Trace:
#0 /var/www/html/sapc-site/app/webroot/index.php(108): Dispatcher->dispatch(Object(CakeRequest), Object(CakeResponse))
#1 {main}
2015-08-31 03:21:30 Error: [MissingControllerException] Controller class JsController could not be found.
Exception Attributes: array (
  'class' => 'JsController',
  'plugin' => NULL,
)
Request URL: /html/sapc-site/js/script.js
Stack Trace:
#0 /var/www/html/sapc-site/app/webroot/index.php(108): Dispatcher->dispatch(Object(CakeRequest), Object(CakeResponse))
#1 {main}
2015-08-31 03:24:38 Error: [MissingControllerException] Controller class CssController could not be found.
Exception Attributes: array (
  'class' => 'CssController',
  'plugin' => NULL,
)
Request URL: /html/sapc-site/css/style.css
Stack Trace:
#0 /var/www/html/sapc-site/app/webroot/index.php(108): Dispatcher->dispatch(Object(CakeRequest), Object(CakeResponse))
#1 {main}
2015-08-31 03:24:38 Error: [MissingControllerException] Controller class JsController could not be found.
Exception Attributes: array (
  'class' => 'JsController',
  'plugin' => NULL,
)
Request URL: /html/sapc-site/js/script.js
Stack Trace:
#0 /var/www/html/sapc-site/app/webroot/index.php(108): Dispatcher->dispatch(Object(CakeRequest), Object(CakeResponse))
#1 {main}
2015-08-31 03:25:02 Error: [MissingControllerException] Controller class CssController could not be found.
Exception Attributes: array (
  'class' => 'CssController',
  'plugin' => NULL,
)
Request URL: /html/sapc-site/css/style.css
Stack Trace:
#0 /var/www/html/sapc-site/app/webroot/index.php(108): Dispatcher->dispatch(Object(CakeRequest), Object(CakeResponse))
#1 {main}
2015-08-31 03:25:02 Error: [MissingControllerException] Controller class JsController could not be found.
Exception Attributes: array (
  'class' => 'JsController',
  'plugin' => NULL,
)
Request URL: /html/sapc-site/js/script.js
Stack Trace:
#0 /var/www/html/sapc-site/app/webroot/index.php(108): Dispatcher->dispatch(Object(CakeRequest), Object(CakeResponse))
#1 {main}
2015-08-31 03:25:22 Error: [MissingControllerException] Controller class CssController could not be found.
Exception Attributes: array (
  'class' => 'CssController',
  'plugin' => NULL,
)
Request URL: /html/sapc-site/css/style.css
Stack Trace:
#0 /var/www/html/sapc-site/app/webroot/index.php(108): Dispatcher->dispatch(Object(CakeRequest), Object(CakeResponse))
#1 {main}
2015-08-31 03:25:22 Error: [MissingControllerException] Controller class JsController could not be found.
Exception Attributes: array (
  'class' => 'JsController',
  'plugin' => NULL,
)
Request URL: /html/sapc-site/js/script.js
Stack Trace:
#0 /var/www/html/sapc-site/app/webroot/index.php(108): Dispatcher->dispatch(Object(CakeRequest), Object(CakeResponse))
#1 {main}
2015-08-31 03:25:30 Error: [MissingControllerException] Controller class CssController could not be found.
Exception Attributes: array (
  'class' => 'CssController',
  'plugin' => NULL,
)
Request URL: /html/sapc-site/css/style.css
Stack Trace:
#0 /var/www/html/sapc-site/app/webroot/index.php(108): Dispatcher->dispatch(Object(CakeRequest), Object(CakeResponse))
#1 {main}
2015-08-31 03:25:30 Error: [MissingControllerException] Controller class JsController could not be found.
Exception Attributes: array (
  'class' => 'JsController',
  'plugin' => NULL,
)
Request URL: /html/sapc-site/js/script.js
Stack Trace:
#0 /var/www/html/sapc-site/app/webroot/index.php(108): Dispatcher->dispatch(Object(CakeRequest), Object(CakeResponse))
#1 {main}
2015-08-31 03:25:57 Error: [MissingControllerException] Controller class JsController could not be found.
Exception Attributes: array (
  'class' => 'JsController',
  'plugin' => NULL,
)
Request URL: /html/sapc-site/js/script.js
Stack Trace:
#0 /var/www/html/sapc-site/app/webroot/index.php(108): Dispatcher->dispatch(Object(CakeRequest), Object(CakeResponse))
#1 {main}
2015-08-31 03:25:57 Error: [MissingControllerException] Controller class CssController could not be found.
Exception Attributes: array (
  'class' => 'CssController',
  'plugin' => NULL,
)
Request URL: /html/sapc-site/css/style.css
Stack Trace:
#0 /var/www/html/sapc-site/app/webroot/index.php(108): Dispatcher->dispatch(Object(CakeRequest), Object(CakeResponse))
#1 {main}
2015-08-31 03:26:13 Error: [MissingControllerException] Controller class CssController could not be found.
Exception Attributes: array (
  'class' => 'CssController',
  'plugin' => NULL,
)
Request URL: /html/sapc-site/css/style.css
Stack Trace:
#0 /var/www/html/sapc-site/app/webroot/index.php(108): Dispatcher->dispatch(Object(CakeRequest), Object(CakeResponse))
#1 {main}
2015-08-31 03:26:13 Error: [MissingControllerException] Controller class JsController could not be found.
Exception Attributes: array (
  'class' => 'JsController',
  'plugin' => NULL,
)
Request URL: /html/sapc-site/js/script.js
Stack Trace:
#0 /var/www/html/sapc-site/app/webroot/index.php(108): Dispatcher->dispatch(Object(CakeRequest), Object(CakeResponse))
#1 {main}
2015-08-31 03:26:15 Error: [MissingControllerException] Controller class JsController could not be found.
Exception Attributes: array (
  'class' => 'JsController',
  'plugin' => NULL,
)
Request URL: /html/sapc-site/js/script.js
Stack Trace:
#0 /var/www/html/sapc-site/app/webroot/index.php(108): Dispatcher->dispatch(Object(CakeRequest), Object(CakeResponse))
#1 {main}
2015-08-31 03:26:15 Error: [MissingControllerException] Controller class CssController could not be found.
Exception Attributes: array (
  'class' => 'CssController',
  'plugin' => NULL,
)
Request URL: /html/sapc-site/css/style.css
Stack Trace:
#0 /var/www/html/sapc-site/app/webroot/index.php(108): Dispatcher->dispatch(Object(CakeRequest), Object(CakeResponse))
#1 {main}
2015-08-31 03:26:28 Error: [MissingControllerException] Controller class CssController could not be found.
Exception Attributes: array (
  'class' => 'CssController',
  'plugin' => NULL,
)
Request URL: /html/sapc-site/css/style.css
Stack Trace:
#0 /var/www/html/sapc-site/app/webroot/index.php(108): Dispatcher->dispatch(Object(CakeRequest), Object(CakeResponse))
#1 {main}
2015-08-31 03:26:28 Error: [MissingControllerException] Controller class JsController could not be found.
Exception Attributes: array (
  'class' => 'JsController',
  'plugin' => NULL,
)
Request URL: /html/sapc-site/js/script.js
Stack Trace:
#0 /var/www/html/sapc-site/app/webroot/index.php(108): Dispatcher->dispatch(Object(CakeRequest), Object(CakeResponse))
#1 {main}
2015-08-31 03:27:56 Error: [MissingControllerException] Controller class CssController could not be found.
Exception Attributes: array (
  'class' => 'CssController',
  'plugin' => NULL,
)
Request URL: /html/sapc-site/css/style.css
Stack Trace:
#0 /var/www/html/sapc-site/app/webroot/index.php(108): Dispatcher->dispatch(Object(CakeRequest), Object(CakeResponse))
#1 {main}
2015-08-31 03:27:56 Error: [MissingControllerException] Controller class JsController could not be found.
Exception Attributes: array (
  'class' => 'JsController',
  'plugin' => NULL,
)
Request URL: /html/sapc-site/js/script.js
Stack Trace:
#0 /var/www/html/sapc-site/app/webroot/index.php(108): Dispatcher->dispatch(Object(CakeRequest), Object(CakeResponse))
#1 {main}
2015-08-31 03:27:58 Error: [MissingControllerException] Controller class JsController could not be found.
Exception Attributes: array (
  'class' => 'JsController',
  'plugin' => NULL,
)
Request URL: /html/sapc-site/js/script.js
Stack Trace:
#0 /var/www/html/sapc-site/app/webroot/index.php(108): Dispatcher->dispatch(Object(CakeRequest), Object(CakeResponse))
#1 {main}
2015-08-31 03:27:58 Error: [MissingControllerException] Controller class CssController could not be found.
Exception Attributes: array (
  'class' => 'CssController',
  'plugin' => NULL,
)
Request URL: /html/sapc-site/css/style.css
Stack Trace:
#0 /var/www/html/sapc-site/app/webroot/index.php(108): Dispatcher->dispatch(Object(CakeRequest), Object(CakeResponse))
#1 {main}
2015-08-31 03:28:58 Error: [MissingControllerException] Controller class CssController could not be found.
Exception Attributes: array (
  'class' => 'CssController',
  'plugin' => NULL,
)
Request URL: /html/sapc-site/css/style.css
Stack Trace:
#0 /var/www/html/sapc-site/app/webroot/index.php(108): Dispatcher->dispatch(Object(CakeRequest), Object(CakeResponse))
#1 {main}
2015-08-31 03:28:58 Error: [MissingControllerException] Controller class JsController could not be found.
Exception Attributes: array (
  'class' => 'JsController',
  'plugin' => NULL,
)
Request URL: /html/sapc-site/js/script.js
Stack Trace:
#0 /var/www/html/sapc-site/app/webroot/index.php(108): Dispatcher->dispatch(Object(CakeRequest), Object(CakeResponse))
#1 {main}
2015-08-31 03:29:00 Error: [MissingControllerException] Controller class CssController could not be found.
Exception Attributes: array (
  'class' => 'CssController',
  'plugin' => NULL,
)
Request URL: /html/sapc-site/css/style.css
Stack Trace:
#0 /var/www/html/sapc-site/app/webroot/index.php(108): Dispatcher->dispatch(Object(CakeRequest), Object(CakeResponse))
#1 {main}
2015-08-31 03:29:00 Error: [MissingControllerException] Controller class JsController could not be found.
Exception Attributes: array (
  'class' => 'JsController',
  'plugin' => NULL,
)
Request URL: /html/sapc-site/js/script.js
Stack Trace:
#0 /var/www/html/sapc-site/app/webroot/index.php(108): Dispatcher->dispatch(Object(CakeRequest), Object(CakeResponse))
#1 {main}
2015-08-31 03:29:05 Error: [MissingControllerException] Controller class JsController could not be found.
Exception Attributes: array (
  'class' => 'JsController',
  'plugin' => NULL,
)
Request URL: /html/sapc-site/js/script.js
Stack Trace:
#0 /var/www/html/sapc-site/app/webroot/index.php(108): Dispatcher->dispatch(Object(CakeRequest), Object(CakeResponse))
#1 {main}
2015-08-31 03:29:05 Error: [MissingControllerException] Controller class CssController could not be found.
Exception Attributes: array (
  'class' => 'CssController',
  'plugin' => NULL,
)
Request URL: /html/sapc-site/css/style.css
Stack Trace:
#0 /var/www/html/sapc-site/app/webroot/index.php(108): Dispatcher->dispatch(Object(CakeRequest), Object(CakeResponse))
#1 {main}
2015-08-31 03:30:46 Error: [MissingControllerException] Controller class CssController could not be found.
Exception Attributes: array (
  'class' => 'CssController',
  'plugin' => NULL,
)
Request URL: /html/sapc-site/css/style.css
Stack Trace:
#0 /var/www/html/sapc-site/app/webroot/index.php(108): Dispatcher->dispatch(Object(CakeRequest), Object(CakeResponse))
#1 {main}
2015-08-31 03:30:46 Error: [MissingControllerException] Controller class JsController could not be found.
Exception Attributes: array (
  'class' => 'JsController',
  'plugin' => NULL,
)
Request URL: /html/sapc-site/js/script.js
Stack Trace:
#0 /var/www/html/sapc-site/app/webroot/index.php(108): Dispatcher->dispatch(Object(CakeRequest), Object(CakeResponse))
#1 {main}
